time="2025-04-06T13:55:45+09:00" level=info msg="Creating router" func="main.main()" file="app.go:39"
time="2025-04-06T13:55:45+09:00" level=info msg="Register user handler" func="main.main()" file="app.go:42"
time="2025-04-06T13:55:45+09:00" level=info msg="Starting server" func="main.StartServer()" file="app.go:17"
time="2025-04-06T13:55:45+09:00" level=info msg="Server is listening port 8080" func="main.StartServer()" file="app.go:31"
time="2025-04-06T13:55:53+09:00" level=info msg="incoming request to getlist" func="api_server/internal/user.(*handler).GetList()" file="handler.go:35"
time="2025-04-06T13:56:01+09:00" level=info msg="incoming request to get user by uuid" func="api_server/internal/user.(*handler).GetUserByUUID()" file="handler.go:40"
time="2025-04-06T13:56:09+09:00" level=info msg="incoming request to create user" func="api_server/internal/user.(*handler).CreateUser()" file="handler.go:45"
time="2025-04-06T13:56:14+09:00" level=info msg="incoming request to delete user" func="api_server/internal/user.(*handler).DeleteUser()" file="handler.go:50"
time="2025-04-06T14:30:05+09:00" level=info msg="Creating router" func="main.main()" file="app.go:38"
time="2025-04-06T14:30:05+09:00" level=info msg="Register user handler" func="main.main()" file="app.go:41"
time="2025-04-06T14:30:05+09:00" level=info msg="Starting server" func="main.StartServer()" file="app.go:17"
time="2025-04-06T14:30:05+09:00" level=info msg="Server is listening port 8080" func="main.StartServer()" file="app.go:31"
time="2025-04-06T14:30:14+09:00" level=info msg="incoming request to getlist" func="api_server/internal/user.(*handler).GetList()" file="handler.go:35"
time="2025-04-06T14:30:28+09:00" level=info msg="incoming request to get user by uuid" func="api_server/internal/user.(*handler).GetUserByUUID()" file="handler.go:40"
time="2025-04-06T14:30:43+09:00" level=info msg="incoming request to delete user" func="api_server/internal/user.(*handler).DeleteUser()" file="handler.go:50"
time="2025-04-06T14:31:37+09:00" level=info msg="Creating router" func="main.main()" file="app.go:38"
time="2025-04-06T14:31:37+09:00" level=info msg="Register user handler" func="main.main()" file="app.go:41"
time="2025-04-06T14:31:37+09:00" level=info msg="Starting server" func="main.StartServer()" file="app.go:17"
time="2025-04-06T14:31:37+09:00" level=info msg="Server is listening port 8080" func="main.StartServer()" file="app.go:31"
time="2025-04-06T14:31:42+09:00" level=info msg="incoming request to get user by uuid" func="api_server/internal/user.(*handler).GetUserByUUID()" file="handler.go:40"
time="2025-04-06T14:54:02+09:00" level=info msg="Creating router" func="main.main()" file="app.go:61"
time="2025-04-06T14:54:02+09:00" level=info msg="read app configuration" func="api_server/internal/config.GetConfig.func1()" file="config.go:25"
time="2025-04-06T14:54:02+09:00" level=info msg="Register user handler" func="main.main()" file="app.go:66"
time="2025-04-06T14:54:02+09:00" level=info msg="Starting server" func="main.StartServer()" file="app.go:22"
time="2025-04-06T14:54:02+09:00" level=info msg="listen tcp" func="main.StartServer()" file="app.go:39"
time="2025-04-06T14:54:02+09:00" level=info msg="Server is listening port 8080" func="main.StartServer()" file="app.go:54"
time="2025-04-06T14:54:09+09:00" level=info msg="incoming request to get user by uuid" func="api_server/internal/user.(*handler).GetUserByUUID()" file="handler.go:40"
time="2025-04-06T14:55:13+09:00" level=info msg="Creating router" func="main.main()" file="app.go:61"
time="2025-04-06T14:55:13+09:00" level=info msg="read app configuration" func="api_server/internal/config.GetConfig.func1()" file="config.go:25"
time="2025-04-06T14:55:13+09:00" level=info msg="Register user handler" func="main.main()" file="app.go:66"
time="2025-04-06T14:55:13+09:00" level=info msg="Starting server" func="main.StartServer()" file="app.go:22"
time="2025-04-06T14:55:13+09:00" level=info msg="listen tcp" func="main.StartServer()" file="app.go:39"
time="2025-04-06T14:55:13+09:00" level=info msg="Server is listening 127.0.0.1:8080\n" func="main.StartServer()" file="app.go:54"
time="2025-04-06T14:55:27+09:00" level=info msg="Creating router" func="main.main()" file="app.go:61"
time="2025-04-06T14:55:27+09:00" level=info msg="read app configuration" func="api_server/internal/config.GetConfig.func1()" file="config.go:25"
time="2025-04-06T14:55:27+09:00" level=info msg="Register user handler" func="main.main()" file="app.go:66"
time="2025-04-06T14:55:27+09:00" level=info msg="Starting server" func="main.StartServer()" file="app.go:22"
time="2025-04-06T14:55:27+09:00" level=info msg="listen tcp" func="main.StartServer()" file="app.go:39"
time="2025-04-06T14:55:27+09:00" level=info msg="Server is listening 127.0.0.1:8080" func="main.StartServer()" file="app.go:54"
time="2025-04-06T14:55:40+09:00" level=info msg="incoming request to delete user" func="api_server/internal/user.(*handler).DeleteUser()" file="handler.go:50"
time="2025-04-06T14:57:55+09:00" level=info msg="Creating router" func="main.main()" file="app.go:61"
time="2025-04-06T14:57:55+09:00" level=info msg="read app configuration" func="api_server/internal/config.GetConfig.func1()" file="config.go:25"
time="2025-04-06T14:57:55+09:00" level=info msg="Register user handler" func="main.main()" file="app.go:66"
time="2025-04-06T14:57:55+09:00" level=info msg="Starting server" func="main.StartServer()" file="app.go:22"
time="2025-04-06T14:57:55+09:00" level=info msg="Creating socket" func="main.StartServer()" file="app.go:32"
time="2025-04-06T14:57:55+09:00" level=debug msg="socket path:  /tmp/go-build1041175102/b001/exe/app.sock" func="main.StartServer()" file="app.go:34"
time="2025-04-06T14:57:55+09:00" level=info msg="listen unix socket" func="main.StartServer()" file="app.go:36"
time="2025-04-06T14:57:55+09:00" level=info msg="Server is listening 127.0.0.1:8080" func="main.StartServer()" file="app.go:54"
time="2025-04-06T15:01:00+09:00" level=info msg="Creating router" func="main.main()" file="app.go:61"
time="2025-04-06T15:01:00+09:00" level=info msg="read app configuration" func="api_server/internal/config.GetConfig.func1()" file="config.go:25"
time="2025-04-06T15:01:00+09:00" level=info msg="Register user handler" func="main.main()" file="app.go:66"
time="2025-04-06T15:01:00+09:00" level=info msg="Starting server" func="main.StartServer()" file="app.go:22"
time="2025-04-06T15:01:00+09:00" level=info msg="Creating socket" func="main.StartServer()" file="app.go:32"
time="2025-04-06T15:01:00+09:00" level=debug msg="socket path:  /home/hollisgr/learning/golang/rest_api_server/app.sock" func="main.StartServer()" file="app.go:34"
time="2025-04-06T15:01:00+09:00" level=info msg="listen unix socket" func="main.StartServer()" file="app.go:36"
time="2025-04-06T15:01:00+09:00" level=info msg="Server is listening 127.0.0.1:8080" func="main.StartServer()" file="app.go:54"
time="2025-04-06T15:03:02+09:00" level=info msg="Creating router" func="main.main()" file="app.go:62"
time="2025-04-06T15:03:02+09:00" level=info msg="read app configuration" func="api_server/internal/config.GetConfig.func1()" file="config.go:25"
time="2025-04-06T15:03:02+09:00" level=info msg="Register user handler" func="main.main()" file="app.go:67"
time="2025-04-06T15:03:02+09:00" level=info msg="Starting server" func="main.StartServer()" file="app.go:22"
time="2025-04-06T15:03:02+09:00" level=info msg="Creating socket" func="main.StartServer()" file="app.go:32"
time="2025-04-06T15:03:02+09:00" level=debug msg="socket path:  /home/hollisgr/learning/golang/rest_api_server/app.sock" func="main.StartServer()" file="app.go:34"
time="2025-04-06T15:03:02+09:00" level=info msg="listen unix socket" func="main.StartServer()" file="app.go:36"
time="2025-04-06T15:03:02+09:00" level=info msg="Server is listening unix socket: /home/hollisgr/learning/golang/rest_api_server/app.sock" func="main.StartServer()" file="app.go:38"
time="2025-04-06T15:03:23+09:00" level=info msg="Creating router" func="main.main()" file="app.go:62"
time="2025-04-06T15:03:23+09:00" level=info msg="read app configuration" func="api_server/internal/config.GetConfig.func1()" file="config.go:25"
time="2025-04-06T15:03:23+09:00" level=info msg="Register user handler" func="main.main()" file="app.go:67"
time="2025-04-06T15:03:23+09:00" level=info msg="Starting server" func="main.StartServer()" file="app.go:22"
time="2025-04-06T15:03:23+09:00" level=info msg="Creating socket" func="main.StartServer()" file="app.go:32"
time="2025-04-06T15:03:23+09:00" level=debug msg="socket path:  /home/hollisgr/learning/golang/rest_api_server/app.sock" func="main.StartServer()" file="app.go:34"
time="2025-04-06T15:03:23+09:00" level=info msg="listen unix socket" func="main.StartServer()" file="app.go:36"
time="2025-04-06T15:03:23+09:00" level=info msg="Server is listening unix socket: /home/hollisgr/learning/golang/rest_api_server/app.sock" func="main.StartServer()" file="app.go:38"
time="2025-04-06T15:04:29+09:00" level=info msg="Creating router" func="main.main()" file="app.go:62"
time="2025-04-06T15:04:29+09:00" level=info msg="read app configuration" func="api_server/internal/config.GetConfig.func1()" file="config.go:25"
time="2025-04-06T15:04:29+09:00" level=info msg="Register user handler" func="main.main()" file="app.go:67"
time="2025-04-06T15:04:29+09:00" level=info msg="Starting server" func="main.StartServer()" file="app.go:22"
time="2025-04-06T15:04:29+09:00" level=info msg="Creating socket" func="main.StartServer()" file="app.go:32"
time="2025-04-06T15:04:29+09:00" level=debug msg="socket path:  /home/hollisgr/learning/golang/rest_api_server/app.sock" func="main.StartServer()" file="app.go:34"
time="2025-04-06T15:04:29+09:00" level=info msg="listen unix socket" func="main.StartServer()" file="app.go:36"
time="2025-04-06T15:04:29+09:00" level=info msg="Server is listening unix socket: /home/hollisgr/learning/golang/rest_api_server/app.sock" func="main.StartServer()" file="app.go:38"
time="2025-04-06T15:05:11+09:00" level=info msg="Creating router" func="main.main()" file="app.go:62"
time="2025-04-06T15:05:11+09:00" level=info msg="read app configuration" func="api_server/internal/config.GetConfig.func1()" file="config.go:25"
time="2025-04-06T15:05:11+09:00" level=info msg="Register user handler" func="main.main()" file="app.go:67"
time="2025-04-06T15:05:11+09:00" level=info msg="Starting server" func="main.StartServer()" file="app.go:22"
time="2025-04-06T15:05:11+09:00" level=info msg="listen tcp" func="main.StartServer()" file="app.go:40"
time="2025-04-06T15:05:11+09:00" level=info msg="Server is listening 127.0.0.1:8080" func="main.StartServer()" file="app.go:42"
time="2025-04-06T15:05:16+09:00" level=info msg="incoming request to getlist" func="api_server/internal/user.(*handler).GetList()" file="handler.go:35"
time="2025-04-06T15:05:22+09:00" level=info msg="incoming request to get user by uuid" func="api_server/internal/user.(*handler).GetUserByUUID()" file="handler.go:40"
